{"/Users/ndacyayisengafabrice/Documents/solvit/typescript_learn/blog_management/server.ts": {"path":"/Users/ndacyayisengafabrice/Documents/solvit/typescript_learn/blog_management/server.ts","statementMap":{"0":{"start":{"line":4,"column":0},"end":{"line":4,"column":8}},"1":{"start":{"line":5,"column":12},"end":{"line":5,"column":21}},"2":{"start":{"line":6,"column":0},"end":{"line":6,"column":23}},"3":{"start":{"line":14,"column":0},"end":{"line":14,"column":16}}},"fnMap":{},"branchMap":{},"s":{"0":2,"1":2,"2":2,"3":2},"f":{},"b":{},"_coverageSchema":"1a1c01bbd47fc00a2c39e90264f33305004495a9","hash":"6c0b758c94a41e31d671a32205a9b464fbb2c930"}
,"/Users/ndacyayisengafabrice/Documents/solvit/typescript_learn/blog_management/src/config/config.js": {"path":"/Users/ndacyayisengafabrice/Documents/solvit/typescript_learn/blog_management/src/config/config.js","statementMap":{"0":{"start":{"line":1,"column":15},"end":{"line":1,"column":32}},"1":{"start":{"line":2,"column":0},"end":{"line":2,"column":15}},"2":{"start":{"line":3,"column":18},"end":{"line":9,"column":1}},"3":{"start":{"line":4,"column":12},"end":{"line":4,"column":27}},"4":{"start":{"line":5,"column":2},"end":{"line":7,"column":3}},"5":{"start":{"line":6,"column":4},"end":{"line":6,"column":22}},"6":{"start":{"line":8,"column":2},"end":{"line":8,"column":12}},"7":{"start":{"line":11,"column":23},"end":{"line":22,"column":1}},"8":{"start":{"line":12,"column":14},"end":{"line":12,"column":25}},"9":{"start":{"line":13,"column":2},"end":{"line":21,"column":3}},"10":{"start":{"line":24,"column":0},"end":{"line":24,"column":31}}},"fnMap":{"0":{"name":"(anonymous_0)","decl":{"start":{"line":3,"column":18},"end":{"line":3,"column":19}},"loc":{"start":{"line":3,"column":24},"end":{"line":9,"column":1}},"line":3},"1":{"name":"(anonymous_1)","decl":{"start":{"line":11,"column":23},"end":{"line":11,"column":24}},"loc":{"start":{"line":11,"column":29},"end":{"line":22,"column":1}},"line":11}},"branchMap":{"0":{"loc":{"start":{"line":5,"column":2},"end":{"line":7,"column":3}},"type":"if","locations":[{"start":{"line":5,"column":2},"end":{"line":7,"column":3}},{"start":{},"end":{}}],"line":5},"1":{"loc":{"start":{"line":14,"column":14},"end":{"line":14,"column":50}},"type":"binary-expr","locations":[{"start":{"line":14,"column":14},"end":{"line":14,"column":44}},{"start":{"line":14,"column":48},"end":{"line":14,"column":50}}],"line":14},"2":{"loc":{"start":{"line":15,"column":14},"end":{"line":15,"column":50}},"type":"binary-expr","locations":[{"start":{"line":15,"column":14},"end":{"line":15,"column":44}},{"start":{"line":15,"column":48},"end":{"line":15,"column":50}}],"line":15},"3":{"loc":{"start":{"line":16,"column":14},"end":{"line":16,"column":50}},"type":"binary-expr","locations":[{"start":{"line":16,"column":14},"end":{"line":16,"column":44}},{"start":{"line":16,"column":48},"end":{"line":16,"column":50}}],"line":16},"4":{"loc":{"start":{"line":17,"column":10},"end":{"line":17,"column":42}},"type":"binary-expr","locations":[{"start":{"line":17,"column":10},"end":{"line":17,"column":36}},{"start":{"line":17,"column":40},"end":{"line":17,"column":42}}],"line":17},"5":{"loc":{"start":{"line":18,"column":10},"end":{"line":18,"column":44}},"type":"binary-expr","locations":[{"start":{"line":18,"column":10},"end":{"line":18,"column":36}},{"start":{"line":18,"column":40},"end":{"line":18,"column":44}}],"line":18}},"s":{"0":2,"1":2,"2":2,"3":6,"4":6,"5":0,"6":6,"7":2,"8":6,"9":6,"10":2},"f":{"0":6,"1":6},"b":{"0":[0,6],"1":[6,0],"2":[6,0],"3":[6,0],"4":[6,0],"5":[6,0]},"_coverageSchema":"1a1c01bbd47fc00a2c39e90264f33305004495a9","hash":"dd101707b846c5b64e4e2687d4a854b1b99d8fc7"}
,"/Users/ndacyayisengafabrice/Documents/solvit/typescript_learn/blog_management/src/controllers/blogController.ts": {"path":"/Users/ndacyayisengafabrice/Documents/solvit/typescript_learn/blog_management/src/controllers/blogController.ts","statementMap":{"0":{"start":{"line":9,"column":20},"end":{"line":23,"column":1}},"1":{"start":{"line":10,"column":4},"end":{"line":22,"column":5}},"2":{"start":{"line":11,"column":22},"end":{"line":11,"column":63}},"3":{"start":{"line":13,"column":8},"end":{"line":18,"column":10}},"4":{"start":{"line":20,"column":35},"end":{"line":20,"column":47}},"5":{"start":{"line":21,"column":8},"end":{"line":21,"column":48}},"6":{"start":{"line":27,"column":19},"end":{"line":56,"column":1}},"7":{"start":{"line":28,"column":4},"end":{"line":55,"column":5}},"8":{"start":{"line":29,"column":20},"end":{"line":29,"column":44}},"9":{"start":{"line":30,"column":23},"end":{"line":32,"column":10}},"10":{"start":{"line":33,"column":61},"end":{"line":33,"column":69}},"11":{"start":{"line":34,"column":21},"end":{"line":43,"column":10}},"12":{"start":{"line":44,"column":8},"end":{"line":44,"column":26}},"13":{"start":{"line":45,"column":8},"end":{"line":51,"column":10}},"14":{"start":{"line":54,"column":8},"end":{"line":54,"column":26}},"15":{"start":{"line":62,"column":17},"end":{"line":91,"column":1}},"16":{"start":{"line":63,"column":4},"end":{"line":90,"column":5}},"17":{"start":{"line":64,"column":23},"end":{"line":64,"column":33}},"18":{"start":{"line":65,"column":21},"end":{"line":67,"column":10}},"19":{"start":{"line":68,"column":8},"end":{"line":75,"column":9}},"20":{"start":{"line":69,"column":12},"end":{"line":74,"column":14}},"21":{"start":{"line":76,"column":8},"end":{"line":80,"column":10}},"22":{"start":{"line":82,"column":36},"end":{"line":82,"column":50}},"23":{"start":{"line":83,"column":8},"end":{"line":89,"column":10}}},"fnMap":{"0":{"name":"(anonymous_0)","decl":{"start":{"line":9,"column":20},"end":{"line":9,"column":21}},"loc":{"start":{"line":9,"column":59},"end":{"line":23,"column":1}},"line":9},"1":{"name":"(anonymous_1)","decl":{"start":{"line":27,"column":19},"end":{"line":27,"column":20}},"loc":{"start":{"line":27,"column":63},"end":{"line":56,"column":1}},"line":27},"2":{"name":"(anonymous_2)","decl":{"start":{"line":62,"column":17},"end":{"line":62,"column":18}},"loc":{"start":{"line":62,"column":76},"end":{"line":91,"column":1}},"line":62}},"branchMap":{"0":{"loc":{"start":{"line":68,"column":8},"end":{"line":75,"column":9}},"type":"if","locations":[{"start":{"line":68,"column":8},"end":{"line":75,"column":9}},{"start":{},"end":{}}],"line":68}},"s":{"0":2,"1":0,"2":0,"3":0,"4":0,"5":0,"6":2,"7":0,"8":0,"9":0,"10":0,"11":0,"12":0,"13":0,"14":0,"15":2,"16":0,"17":0,"18":0,"19":0,"20":0,"21":0,"22":0,"23":0},"f":{"0":0,"1":0,"2":0},"b":{"0":[0,0]},"_coverageSchema":"1a1c01bbd47fc00a2c39e90264f33305004495a9","hash":"d1b0e9924edfa576097601334ddd1f71bee4c1f8"}
,"/Users/ndacyayisengafabrice/Documents/solvit/typescript_learn/blog_management/src/controllers/userController.ts": {"path":"/Users/ndacyayisengafabrice/Documents/solvit/typescript_learn/blog_management/src/controllers/userController.ts","statementMap":{"0":{"start":{"line":12,"column":8},"end":{"line":50,"column":9}},"1":{"start":{"line":13,"column":54},"end":{"line":13,"column":62}},"2":{"start":{"line":15,"column":30},"end":{"line":19,"column":14}},"3":{"start":{"line":20,"column":12},"end":{"line":27,"column":13}},"4":{"start":{"line":21,"column":16},"end":{"line":26,"column":18}},"5":{"start":{"line":28,"column":25},"end":{"line":34,"column":14}},"6":{"start":{"line":35,"column":12},"end":{"line":40,"column":14}},"7":{"start":{"line":42,"column":39},"end":{"line":42,"column":53}},"8":{"start":{"line":43,"column":12},"end":{"line":49,"column":14}},"9":{"start":{"line":54,"column":8},"end":{"line":76,"column":9}},"10":{"start":{"line":55,"column":24},"end":{"line":55,"column":48}},"11":{"start":{"line":56,"column":25},"end":{"line":61,"column":14}},"12":{"start":{"line":62,"column":12},"end":{"line":66,"column":14}},"13":{"start":{"line":68,"column":39},"end":{"line":68,"column":53}},"14":{"start":{"line":69,"column":12},"end":{"line":75,"column":14}},"15":{"start":{"line":79,"column":8},"end":{"line":121,"column":9}},"16":{"start":{"line":80,"column":40},"end":{"line":80,"column":48}},"17":{"start":{"line":81,"column":25},"end":{"line":86,"column":14}},"18":{"start":{"line":87,"column":12},"end":{"line":94,"column":13}},"19":{"start":{"line":88,"column":16},"end":{"line":93,"column":18}},"20":{"start":{"line":95,"column":31},"end":{"line":95,"column":99}},"21":{"start":{"line":96,"column":12},"end":{"line":102,"column":13}},"22":{"start":{"line":97,"column":16},"end":{"line":101,"column":18}},"23":{"start":{"line":104,"column":26},"end":{"line":104,"column":120}},"24":{"start":{"line":105,"column":12},"end":{"line":111,"column":14}},"25":{"start":{"line":113,"column":39},"end":{"line":113,"column":53}},"26":{"start":{"line":114,"column":12},"end":{"line":120,"column":14}}},"fnMap":{"0":{"name":"(anonymous_0)","decl":{"start":{"line":11,"column":4},"end":{"line":11,"column":5}},"loc":{"start":{"line":11,"column":67},"end":{"line":51,"column":5}},"line":11},"1":{"name":"(anonymous_1)","decl":{"start":{"line":53,"column":4},"end":{"line":53,"column":5}},"loc":{"start":{"line":53,"column":62},"end":{"line":77,"column":5}},"line":53},"2":{"name":"(anonymous_2)","decl":{"start":{"line":78,"column":4},"end":{"line":78,"column":5}},"loc":{"start":{"line":78,"column":61},"end":{"line":122,"column":5}},"line":78}},"branchMap":{"0":{"loc":{"start":{"line":20,"column":12},"end":{"line":27,"column":13}},"type":"if","locations":[{"start":{"line":20,"column":12},"end":{"line":27,"column":13}},{"start":{},"end":{}}],"line":20},"1":{"loc":{"start":{"line":87,"column":12},"end":{"line":94,"column":13}},"type":"if","locations":[{"start":{"line":87,"column":12},"end":{"line":94,"column":13}},{"start":{},"end":{}}],"line":87},"2":{"loc":{"start":{"line":96,"column":12},"end":{"line":102,"column":13}},"type":"if","locations":[{"start":{"line":96,"column":12},"end":{"line":102,"column":13}},{"start":{},"end":{}}],"line":96}},"s":{"0":4,"1":4,"2":4,"3":3,"4":1,"5":3,"6":2,"7":3,"8":3,"9":2,"10":2,"11":2,"12":1,"13":1,"14":1,"15":7,"16":7,"17":7,"18":6,"19":2,"20":6,"21":4,"22":2,"23":4,"24":4,"25":5,"26":5},"f":{"0":4,"1":2,"2":7},"b":{"0":[1,2],"1":[2,4],"2":[2,2]},"_coverageSchema":"1a1c01bbd47fc00a2c39e90264f33305004495a9","hash":"89bb8df4817b3ecc8af1923d01ec19526c0bf556"}
,"/Users/ndacyayisengafabrice/Documents/solvit/typescript_learn/blog_management/src/database/index.ts": {"path":"/Users/ndacyayisengafabrice/Documents/solvit/typescript_learn/blog_management/src/database/index.ts","statementMap":{"0":{"start":{"line":12,"column":28},"end":{"line":19,"column":1}},"1":{"start":{"line":13,"column":22},"end":{"line":13,"column":57}},"2":{"start":{"line":14,"column":22},"end":{"line":17,"column":6}},"3":{"start":{"line":18,"column":4},"end":{"line":18,"column":20}},"4":{"start":{"line":21,"column":15},"end":{"line":21,"column":39}},"5":{"start":{"line":23,"column":0},"end":{"line":27,"column":2}},"6":{"start":{"line":24,"column":4},"end":{"line":26,"column":5}},"7":{"start":{"line":25,"column":8},"end":{"line":25,"column":32}},"8":{"start":{"line":29,"column":24},"end":{"line":29,"column":63}}},"fnMap":{"0":{"name":"(anonymous_0)","decl":{"start":{"line":12,"column":28},"end":{"line":12,"column":29}},"loc":{"start":{"line":12,"column":34},"end":{"line":19,"column":1}},"line":12},"1":{"name":"(anonymous_1)","decl":{"start":{"line":23,"column":30},"end":{"line":23,"column":31}},"loc":{"start":{"line":23,"column":39},"end":{"line":27,"column":1}},"line":23}},"branchMap":{"0":{"loc":{"start":{"line":24,"column":4},"end":{"line":26,"column":5}},"type":"if","locations":[{"start":{"line":24,"column":4},"end":{"line":26,"column":5}},{"start":{},"end":{}}],"line":24}},"s":{"0":2,"1":4,"2":4,"3":4,"4":2,"5":2,"6":2,"7":0,"8":2},"f":{"0":4,"1":2},"b":{"0":[0,2]},"_coverageSchema":"1a1c01bbd47fc00a2c39e90264f33305004495a9","hash":"082ead220fedaa529f0e2bd0b0f6e66576085b04"}
,"/Users/ndacyayisengafabrice/Documents/solvit/typescript_learn/blog_management/src/database/models/User.ts": {"path":"/Users/ndacyayisengafabrice/Documents/solvit/typescript_learn/blog_management/src/database/models/User.ts","statementMap":{"0":{"start":{"line":25,"column":29},"end":{"line":25,"column":33}},"1":{"start":{"line":26,"column":29},"end":{"line":26,"column":37}},"2":{"start":{"line":33,"column":8},"end":{"line":42,"column":9}},"3":{"start":{"line":46,"column":25},"end":{"line":70,"column":1}},"4":{"start":{"line":47,"column":4},"end":{"line":68,"column":6}},"5":{"start":{"line":69,"column":4},"end":{"line":69,"column":15}}},"fnMap":{"0":{"name":"(anonymous_0)","decl":{"start":{"line":29,"column":4},"end":{"line":29,"column":5}},"loc":{"start":{"line":29,"column":35},"end":{"line":31,"column":5}},"line":29},"1":{"name":"(anonymous_1)","decl":{"start":{"line":32,"column":4},"end":{"line":32,"column":5}},"loc":{"start":{"line":32,"column":44},"end":{"line":43,"column":5}},"line":32},"2":{"name":"(anonymous_2)","decl":{"start":{"line":46,"column":25},"end":{"line":46,"column":26}},"loc":{"start":{"line":46,"column":51},"end":{"line":70,"column":1}},"line":46}},"branchMap":{},"s":{"0":9,"1":9,"2":1,"3":2,"4":2,"5":2},"f":{"0":0,"1":1,"2":2},"b":{},"_coverageSchema":"1a1c01bbd47fc00a2c39e90264f33305004495a9","hash":"8c4ffc756aadfd2cf8f8f75146e1f94cba74a46f"}
,"/Users/ndacyayisengafabrice/Documents/solvit/typescript_learn/blog_management/src/database/models/index.ts": {"path":"/Users/ndacyayisengafabrice/Documents/solvit/typescript_learn/blog_management/src/database/models/index.ts","statementMap":{"0":{"start":{"line":6,"column":24},"end":{"line":10,"column":1}},"1":{"start":{"line":7,"column":4},"end":{"line":9,"column":5}}},"fnMap":{"0":{"name":"(anonymous_0)","decl":{"start":{"line":6,"column":24},"end":{"line":6,"column":25}},"loc":{"start":{"line":6,"column":58},"end":{"line":10,"column":1}},"line":6}},"branchMap":{},"s":{"0":2,"1":2},"f":{"0":2},"b":{},"_coverageSchema":"1a1c01bbd47fc00a2c39e90264f33305004495a9","hash":"f847a8169c349b9eacffeef6ff886a5d9baffc36"}
,"/Users/ndacyayisengafabrice/Documents/solvit/typescript_learn/blog_management/src/middleware/authMiddleware.ts": {"path":"/Users/ndacyayisengafabrice/Documents/solvit/typescript_learn/blog_management/src/middleware/authMiddleware.ts","statementMap":{"0":{"start":{"line":16,"column":30},"end":{"line":41,"column":1}},"1":{"start":{"line":17,"column":4},"end":{"line":40,"column":5}},"2":{"start":{"line":18,"column":34},"end":{"line":18,"column":45}},"3":{"start":{"line":19,"column":8},"end":{"line":23,"column":10}},"4":{"start":{"line":19,"column":28},"end":{"line":23,"column":10}},"5":{"start":{"line":24,"column":22},"end":{"line":24,"column":50}},"6":{"start":{"line":25,"column":24},"end":{"line":25,"column":62}},"7":{"start":{"line":26,"column":34},"end":{"line":29,"column":9}},"8":{"start":{"line":30,"column":8},"end":{"line":30,"column":23}},"9":{"start":{"line":31,"column":8},"end":{"line":31,"column":14}},"10":{"start":{"line":33,"column":26},"end":{"line":33,"column":40}},"11":{"start":{"line":34,"column":8},"end":{"line":39,"column":10}}},"fnMap":{"0":{"name":"(anonymous_0)","decl":{"start":{"line":16,"column":30},"end":{"line":16,"column":31}},"loc":{"start":{"line":16,"column":87},"end":{"line":41,"column":1}},"line":16}},"branchMap":{"0":{"loc":{"start":{"line":19,"column":8},"end":{"line":23,"column":10}},"type":"if","locations":[{"start":{"line":19,"column":8},"end":{"line":23,"column":10}},{"start":{},"end":{}}],"line":19}},"s":{"0":2,"1":2,"2":2,"3":2,"4":0,"5":2,"6":2,"7":2,"8":2,"9":2,"10":0,"11":0},"f":{"0":2},"b":{"0":[0,2]},"_coverageSchema":"1a1c01bbd47fc00a2c39e90264f33305004495a9","hash":"dac3f15c1b54bb9569df5f4991de8f251a026424"}
,"/Users/ndacyayisengafabrice/Documents/solvit/typescript_learn/blog_management/src/middleware/validationMiddleware.ts": {"path":"/Users/ndacyayisengafabrice/Documents/solvit/typescript_learn/blog_management/src/middleware/validationMiddleware.ts","statementMap":{"0":{"start":{"line":11,"column":36},"end":{"line":28,"column":1}},"1":{"start":{"line":11,"column":86},"end":{"line":28,"column":1}},"2":{"start":{"line":12,"column":4},"end":{"line":27,"column":5}},"3":{"start":{"line":13,"column":34},"end":{"line":13,"column":43}},"4":{"start":{"line":15,"column":26},"end":{"line":15,"column":60}},"5":{"start":{"line":16,"column":8},"end":{"line":23,"column":9}},"6":{"start":{"line":17,"column":12},"end":{"line":22,"column":14}},"7":{"start":{"line":24,"column":8},"end":{"line":24,"column":14}},"8":{"start":{"line":26,"column":8},"end":{"line":26,"column":26}}},"fnMap":{"0":{"name":"(anonymous_0)","decl":{"start":{"line":11,"column":36},"end":{"line":11,"column":37}},"loc":{"start":{"line":11,"column":86},"end":{"line":28,"column":1}},"line":11},"1":{"name":"(anonymous_1)","decl":{"start":{"line":11,"column":86},"end":{"line":11,"column":87}},"loc":{"start":{"line":11,"column":139},"end":{"line":28,"column":1}},"line":11}},"branchMap":{"0":{"loc":{"start":{"line":16,"column":8},"end":{"line":23,"column":9}},"type":"if","locations":[{"start":{"line":16,"column":8},"end":{"line":23,"column":9}},{"start":{},"end":{}}],"line":16}},"s":{"0":2,"1":8,"2":11,"3":11,"4":11,"5":11,"6":1,"7":11,"8":0},"f":{"0":8,"1":11},"b":{"0":[1,10]},"_coverageSchema":"1a1c01bbd47fc00a2c39e90264f33305004495a9","hash":"a0947c32eca3e46864f4b9f4e885194a8bfadf53"}
,"/Users/ndacyayisengafabrice/Documents/solvit/typescript_learn/blog_management/src/models/blogModal.ts": {"path":"/Users/ndacyayisengafabrice/Documents/solvit/typescript_learn/blog_management/src/models/blogModal.ts","statementMap":{"0":{"start":{"line":15,"column":24},"end":{"line":32,"column":2}},"1":{"start":{"line":33,"column":26},"end":{"line":33,"column":78}}},"fnMap":{},"branchMap":{},"s":{"0":2,"1":2},"f":{},"b":{},"_coverageSchema":"1a1c01bbd47fc00a2c39e90264f33305004495a9","hash":"d15345326cd9c6480150767a9e3317496bbf6cc4"}
,"/Users/ndacyayisengafabrice/Documents/solvit/typescript_learn/blog_management/src/models/userModel.ts": {"path":"/Users/ndacyayisengafabrice/Documents/solvit/typescript_learn/blog_management/src/models/userModel.ts","statementMap":{"0":{"start":{"line":4,"column":19},"end":{"line":26,"column":2}},"1":{"start":{"line":29,"column":25},"end":{"line":29,"column":57}}},"fnMap":{},"branchMap":{},"s":{"0":2,"1":2},"f":{},"b":{},"_coverageSchema":"1a1c01bbd47fc00a2c39e90264f33305004495a9","hash":"97e945e862b9b79f733121bc8de3bb46385dc928"}
,"/Users/ndacyayisengafabrice/Documents/solvit/typescript_learn/blog_management/src/routers/blogRoutes.ts": {"path":"/Users/ndacyayisengafabrice/Documents/solvit/typescript_learn/blog_management/src/routers/blogRoutes.ts","statementMap":{"0":{"start":{"line":6,"column":19},"end":{"line":6,"column":27}},"1":{"start":{"line":7,"column":0},"end":{"line":7,"column":37}},"2":{"start":{"line":8,"column":0},"end":{"line":8,"column":116}},"3":{"start":{"line":9,"column":0},"end":{"line":13,"column":1}}},"fnMap":{},"branchMap":{},"s":{"0":2,"1":2,"2":2,"3":2},"f":{},"b":{},"_coverageSchema":"1a1c01bbd47fc00a2c39e90264f33305004495a9","hash":"6659acccca24c65562026351c10e7df2aa11cf82"}
,"/Users/ndacyayisengafabrice/Documents/solvit/typescript_learn/blog_management/src/routers/index.ts": {"path":"/Users/ndacyayisengafabrice/Documents/solvit/typescript_learn/blog_management/src/routers/index.ts","statementMap":{"0":{"start":{"line":5,"column":16},"end":{"line":5,"column":24}},"1":{"start":{"line":6,"column":19},"end":{"line":6,"column":42}},"2":{"start":{"line":7,"column":0},"end":{"line":7,"column":36}}},"fnMap":{},"branchMap":{},"s":{"0":2,"1":2,"2":2},"f":{},"b":{},"_coverageSchema":"1a1c01bbd47fc00a2c39e90264f33305004495a9","hash":"8b0e679071c8b5b84322df5147bdbe73596af02c"}
,"/Users/ndacyayisengafabrice/Documents/solvit/typescript_learn/blog_management/src/routers/userRoutes.ts": {"path":"/Users/ndacyayisengafabrice/Documents/solvit/typescript_learn/blog_management/src/routers/userRoutes.ts","statementMap":{"0":{"start":{"line":7,"column":19},"end":{"line":7,"column":27}},"1":{"start":{"line":8,"column":19},"end":{"line":8,"column":37}},"2":{"start":{"line":9,"column":0},"end":{"line":14,"column":1}},"3":{"start":{"line":15,"column":0},"end":{"line":15,"column":63}},"4":{"start":{"line":16,"column":0},"end":{"line":19,"column":20}}},"fnMap":{},"branchMap":{},"s":{"0":2,"1":2,"2":2,"3":2,"4":2},"f":{},"b":{},"_coverageSchema":"1a1c01bbd47fc00a2c39e90264f33305004495a9","hash":"f5ebabe4abc50f06e8248454c04106de71ded0f1"}
,"/Users/ndacyayisengafabrice/Documents/solvit/typescript_learn/blog_management/src/schemas/blogSchema.ts": {"path":"/Users/ndacyayisengafabrice/Documents/solvit/typescript_learn/blog_management/src/schemas/blogSchema.ts","statementMap":{"0":{"start":{"line":2,"column":29},"end":{"line":7,"column":2}},"1":{"start":{"line":9,"column":34},"end":{"line":11,"column":2}}},"fnMap":{},"branchMap":{},"s":{"0":2,"1":2},"f":{},"b":{},"_coverageSchema":"1a1c01bbd47fc00a2c39e90264f33305004495a9","hash":"f1edeebd5a2674b95fd57d94623df825a4d9caa9"}
,"/Users/ndacyayisengafabrice/Documents/solvit/typescript_learn/blog_management/src/schemas/userSchemaValidation.ts": {"path":"/Users/ndacyayisengafabrice/Documents/solvit/typescript_learn/blog_management/src/schemas/userSchemaValidation.ts","statementMap":{"0":{"start":{"line":7,"column":38},"end":{"line":12,"column":2}},"1":{"start":{"line":14,"column":31},"end":{"line":17,"column":2}}},"fnMap":{},"branchMap":{},"s":{"0":2,"1":2},"f":{},"b":{},"_coverageSchema":"1a1c01bbd47fc00a2c39e90264f33305004495a9","hash":"dce8fbac86e308688a7d642db61b7480e225ebd9"}
,"/Users/ndacyayisengafabrice/Documents/solvit/typescript_learn/blog_management/src/utils/helper.ts": {"path":"/Users/ndacyayisengafabrice/Documents/solvit/typescript_learn/blog_management/src/utils/helper.ts","statementMap":{"0":{"start":{"line":5,"column":0},"end":{"line":5,"column":8}},"1":{"start":{"line":7,"column":28},"end":{"line":9,"column":1}},"2":{"start":{"line":8,"column":4},"end":{"line":8,"column":19}},"3":{"start":{"line":10,"column":12},"end":{"line":10,"column":130}},"4":{"start":{"line":11,"column":15},"end":{"line":15,"column":1}},"5":{"start":{"line":12,"column":24},"end":{"line":12,"column":54}},"6":{"start":{"line":13,"column":24},"end":{"line":13,"column":54}},"7":{"start":{"line":14,"column":4},"end":{"line":14,"column":101}},"8":{"start":{"line":38,"column":28},"end":{"line":40,"column":1}},"9":{"start":{"line":39,"column":4},"end":{"line":39,"column":34}},"10":{"start":{"line":42,"column":28},"end":{"line":44,"column":1}},"11":{"start":{"line":43,"column":4},"end":{"line":43,"column":42}},"12":{"start":{"line":45,"column":31},"end":{"line":48,"column":1}},"13":{"start":{"line":46,"column":20},"end":{"line":46,"column":71}},"14":{"start":{"line":47,"column":4},"end":{"line":47,"column":18}},"15":{"start":{"line":49,"column":25},"end":{"line":49,"column":59}},"16":{"start":{"line":51,"column":29},"end":{"line":57,"column":1}},"17":{"start":{"line":54,"column":4},"end":{"line":56,"column":6}}},"fnMap":{"0":{"name":"(anonymous_0)","decl":{"start":{"line":7,"column":28},"end":{"line":7,"column":29}},"loc":{"start":{"line":7,"column":34},"end":{"line":9,"column":1}},"line":7},"1":{"name":"(anonymous_1)","decl":{"start":{"line":11,"column":15},"end":{"line":11,"column":16}},"loc":{"start":{"line":11,"column":29},"end":{"line":15,"column":1}},"line":11},"2":{"name":"(anonymous_2)","decl":{"start":{"line":38,"column":28},"end":{"line":38,"column":29}},"loc":{"start":{"line":38,"column":55},"end":{"line":40,"column":1}},"line":38},"3":{"name":"(anonymous_3)","decl":{"start":{"line":42,"column":28},"end":{"line":42,"column":29}},"loc":{"start":{"line":42,"column":73},"end":{"line":44,"column":1}},"line":42},"4":{"name":"(anonymous_4)","decl":{"start":{"line":45,"column":31},"end":{"line":45,"column":32}},"loc":{"start":{"line":45,"column":106},"end":{"line":48,"column":1}},"line":45},"5":{"name":"(anonymous_5)","decl":{"start":{"line":51,"column":29},"end":{"line":51,"column":30}},"loc":{"start":{"line":53,"column":14},"end":{"line":57,"column":1}},"line":53}},"branchMap":{"0":{"loc":{"start":{"line":49,"column":25},"end":{"line":49,"column":59}},"type":"binary-expr","locations":[{"start":{"line":49,"column":25},"end":{"line":49,"column":47}},{"start":{"line":49,"column":51},"end":{"line":49,"column":59}}],"line":49}},"s":{"0":2,"1":2,"2":0,"3":2,"4":2,"5":0,"6":0,"7":0,"8":2,"9":0,"10":2,"11":3,"12":2,"13":6,"14":4,"15":2,"16":2,"17":4},"f":{"0":0,"1":0,"2":0,"3":3,"4":6,"5":4},"b":{"0":[2,2]},"_coverageSchema":"1a1c01bbd47fc00a2c39e90264f33305004495a9","hash":"af080907b7f2ef5bae865b9941f3471273e76c55"}
,"/Users/ndacyayisengafabrice/Documents/solvit/typescript_learn/blog_management/src/utils/response.ts": {"path":"/Users/ndacyayisengafabrice/Documents/solvit/typescript_learn/blog_management/src/utils/response.ts","statementMap":{"0":{"start":{"line":9,"column":31},"end":{"line":31,"column":1}},"1":{"start":{"line":12,"column":4},"end":{"line":14,"column":5}},"2":{"start":{"line":13,"column":8},"end":{"line":13,"column":39}},"3":{"start":{"line":26,"column":4},"end":{"line":30,"column":6}}},"fnMap":{"0":{"name":"(anonymous_0)","decl":{"start":{"line":9,"column":31},"end":{"line":9,"column":32}},"loc":{"start":{"line":11,"column":44},"end":{"line":31,"column":1}},"line":11}},"branchMap":{"0":{"loc":{"start":{"line":9,"column":43},"end":{"line":9,"column":55}},"type":"default-arg","locations":[{"start":{"line":9,"column":52},"end":{"line":9,"column":55}}],"line":9},"1":{"loc":{"start":{"line":10,"column":12},"end":{"line":10,"column":24}},"type":"default-arg","locations":[{"start":{"line":10,"column":20},"end":{"line":10,"column":24}}],"line":10},"2":{"loc":{"start":{"line":12,"column":4},"end":{"line":14,"column":5}},"type":"if","locations":[{"start":{"line":12,"column":4},"end":{"line":14,"column":5}},{"start":{},"end":{}}],"line":12}},"s":{"0":2,"1":22,"2":9,"3":22},"f":{"0":22},"b":{"0":[1],"1":[8],"2":[9,13]},"_coverageSchema":"1a1c01bbd47fc00a2c39e90264f33305004495a9","hash":"22b8ab3cfdd7b8e0e5f98df79b99cb7c2f7eabc2"}
}
