TN:
SF:server.ts
FNF:0
FNH:0
DA:4,2
DA:5,2
DA:6,2
DA:14,2
LF:4
LH:4
BRF:0
BRH:0
end_of_record
TN:
SF:src/config/config.js
FN:3,(anonymous_0)
FN:11,(anonymous_1)
FNF:2
FNH:2
FNDA:6,(anonymous_0)
FNDA:6,(anonymous_1)
DA:1,2
DA:2,2
DA:3,2
DA:4,6
DA:5,6
DA:6,0
DA:8,6
DA:11,2
DA:12,6
DA:13,6
DA:24,2
LF:11
LH:10
BRDA:5,0,0,0
BRDA:5,0,1,6
BRDA:14,1,0,6
BRDA:14,1,1,0
BRDA:15,2,0,6
BRDA:15,2,1,0
BRDA:16,3,0,6
BRDA:16,3,1,0
BRDA:17,4,0,6
BRDA:17,4,1,0
BRDA:18,5,0,6
BRDA:18,5,1,0
BRF:12
BRH:6
end_of_record
TN:
SF:src/controllers/blogController.ts
FN:9,(anonymous_0)
FN:27,(anonymous_1)
FN:62,(anonymous_2)
FNF:3
FNH:0
FNDA:0,(anonymous_0)
FNDA:0,(anonymous_1)
FNDA:0,(anonymous_2)
DA:9,2
DA:10,0
DA:11,0
DA:13,0
DA:20,0
DA:21,0
DA:27,2
DA:28,0
DA:29,0
DA:30,0
DA:33,0
DA:34,0
DA:44,0
DA:45,0
DA:54,0
DA:62,2
DA:63,0
DA:64,0
DA:65,0
DA:68,0
DA:69,0
DA:76,0
DA:82,0
DA:83,0
LF:24
LH:3
BRDA:68,0,0,0
BRDA:68,0,1,0
BRF:2
BRH:0
end_of_record
TN:
SF:src/controllers/userController.ts
FN:11,(anonymous_0)
FN:53,(anonymous_1)
FN:78,(anonymous_2)
FNF:3
FNH:3
FNDA:4,(anonymous_0)
FNDA:2,(anonymous_1)
FNDA:7,(anonymous_2)
DA:12,4
DA:13,4
DA:15,4
DA:20,3
DA:21,1
DA:28,3
DA:35,2
DA:42,3
DA:43,3
DA:54,2
DA:55,2
DA:56,2
DA:62,1
DA:68,1
DA:69,1
DA:79,7
DA:80,7
DA:81,7
DA:87,6
DA:88,2
DA:95,6
DA:96,4
DA:97,2
DA:104,4
DA:105,4
DA:113,5
DA:114,5
LF:27
LH:27
BRDA:20,0,0,1
BRDA:20,0,1,2
BRDA:87,1,0,2
BRDA:87,1,1,4
BRDA:96,2,0,2
BRDA:96,2,1,2
BRF:6
BRH:6
end_of_record
TN:
SF:src/database/index.ts
FN:12,(anonymous_0)
FN:23,(anonymous_1)
FNF:2
FNH:2
FNDA:4,(anonymous_0)
FNDA:2,(anonymous_1)
DA:12,2
DA:13,4
DA:14,4
DA:18,4
DA:21,2
DA:23,2
DA:24,2
DA:25,0
DA:29,2
LF:9
LH:8
BRDA:24,0,0,0
BRDA:24,0,1,2
BRF:2
BRH:1
end_of_record
TN:
SF:src/database/models/User.ts
FN:29,(anonymous_0)
FN:32,(anonymous_1)
FN:46,(anonymous_2)
FNF:3
FNH:2
FNDA:0,(anonymous_0)
FNDA:1,(anonymous_1)
FNDA:2,(anonymous_2)
DA:25,9
DA:26,9
DA:33,1
DA:46,2
DA:47,2
DA:69,2
LF:6
LH:6
BRF:0
BRH:0
end_of_record
TN:
SF:src/database/models/index.ts
FN:6,(anonymous_0)
FNF:1
FNH:1
FNDA:2,(anonymous_0)
DA:6,2
DA:7,2
LF:2
LH:2
BRF:0
BRH:0
end_of_record
TN:
SF:src/middleware/authMiddleware.ts
FN:16,(anonymous_0)
FNF:1
FNH:1
FNDA:2,(anonymous_0)
DA:16,2
DA:17,2
DA:18,2
DA:19,2
DA:24,2
DA:25,2
DA:26,2
DA:30,2
DA:31,2
DA:33,0
DA:34,0
LF:11
LH:9
BRDA:19,0,0,0
BRDA:19,0,1,2
BRF:2
BRH:1
end_of_record
TN:
SF:src/middleware/validationMiddleware.ts
FN:11,(anonymous_0)
FN:11,(anonymous_1)
FNF:2
FNH:2
FNDA:8,(anonymous_0)
FNDA:11,(anonymous_1)
DA:11,8
DA:12,11
DA:13,11
DA:15,11
DA:16,11
DA:17,1
DA:24,11
DA:26,0
LF:8
LH:7
BRDA:16,0,0,1
BRDA:16,0,1,10
BRF:2
BRH:2
end_of_record
TN:
SF:src/models/blogModal.ts
FNF:0
FNH:0
DA:15,2
DA:33,2
LF:2
LH:2
BRF:0
BRH:0
end_of_record
TN:
SF:src/models/userModel.ts
FNF:0
FNH:0
DA:4,2
DA:29,2
LF:2
LH:2
BRF:0
BRH:0
end_of_record
TN:
SF:src/routers/blogRoutes.ts
FNF:0
FNH:0
DA:6,2
DA:7,2
DA:8,2
DA:9,2
LF:4
LH:4
BRF:0
BRH:0
end_of_record
TN:
SF:src/routers/index.ts
FNF:0
FNH:0
DA:5,2
DA:6,2
DA:7,2
LF:3
LH:3
BRF:0
BRH:0
end_of_record
TN:
SF:src/routers/userRoutes.ts
FNF:0
FNH:0
DA:7,2
DA:8,2
DA:9,2
DA:15,2
DA:16,2
LF:5
LH:5
BRF:0
BRH:0
end_of_record
TN:
SF:src/schemas/blogSchema.ts
FNF:0
FNH:0
DA:2,2
DA:9,2
LF:2
LH:2
BRF:0
BRH:0
end_of_record
TN:
SF:src/schemas/userSchemaValidation.ts
FNF:0
FNH:0
DA:7,2
DA:14,2
LF:2
LH:2
BRF:0
BRH:0
end_of_record
TN:
SF:src/utils/helper.ts
FN:7,(anonymous_0)
FN:11,(anonymous_1)
FN:38,(anonymous_2)
FN:42,(anonymous_3)
FN:45,(anonymous_4)
FN:51,(anonymous_5)
FNF:6
FNH:3
FNDA:0,(anonymous_0)
FNDA:0,(anonymous_1)
FNDA:0,(anonymous_2)
FNDA:3,(anonymous_3)
FNDA:6,(anonymous_4)
FNDA:4,(anonymous_5)
DA:5,2
DA:7,2
DA:8,0
DA:10,2
DA:11,2
DA:12,0
DA:13,0
DA:14,0
DA:38,2
DA:39,0
DA:42,2
DA:43,3
DA:45,2
DA:46,6
DA:47,4
DA:49,2
DA:51,2
DA:54,4
LF:18
LH:13
BRDA:49,0,0,2
BRDA:49,0,1,2
BRF:2
BRH:2
end_of_record
TN:
SF:src/utils/response.ts
FN:9,(anonymous_0)
FNF:1
FNH:1
FNDA:22,(anonymous_0)
DA:9,2
DA:12,22
DA:13,9
DA:26,22
LF:4
LH:4
BRDA:9,0,0,1
BRDA:10,1,0,8
BRDA:12,2,0,9
BRDA:12,2,1,13
BRF:4
BRH:4
end_of_record
